==============================================================================
Tasks :: Orders robots from RobotSpareBin Industries Inc.                     
==============================================================================
Orders robots from RobotSpareBin Industries Inc.                      Capturing Screenshot to c:\Users\bruno\OneDrive\햞ea de Trabalho\Robot\image_files\RSB-ROBO-ORDER-K1KBDCWM8.png
Printing RSB-ROBO-ORDER-K1KBDCWM8
Printing Embedding image c:\Users\bruno\OneDrive\햞ea de Trabalho\Robot\image_files\RSB-ROBO-ORDER-K1KBDCWM8.png in pdf file c:\Users\bruno\OneDrive\햞ea de Trabalho\Robot\pdf_files\RSB-ROBO-ORDER-K1KBDCWM8.pdf
Capturing Screenshot to c:\Users\bruno\OneDrive\햞ea de Trabalho\Robot\image_files\RSB-ROBO-ORDER-TNKP7IMRF.png
Printing RSB-ROBO-ORDER-TNKP7IMRF
Printing Embedding image c:\Users\bruno\OneDrive\햞ea de Trabalho\Robot\image_files\RSB-ROBO-ORDER-TNKP7IMRF.png in pdf file c:\Users\bruno\OneDrive\햞ea de Trabalho\Robot\pdf_files\RSB-ROBO-ORDER-TNKP7IMRF.pdf
Capturing Screenshot to c:\Users\bruno\OneDrive\햞ea de Trabalho\Robot\image_files\RSB-ROBO-ORDER-L4N08473Q.png
Printing RSB-ROBO-ORDER-L4N08473Q
Printing Embedding image c:\Users\bruno\OneDrive\햞ea de Trabalho\Robot\image_files\RSB-ROBO-ORDER-L4N08473Q.png in pdf file c:\Users\bruno\OneDrive\햞ea de Trabalho\Robot\pdf_files\RSB-ROBO-ORDER-L4N08473Q.pdf
Capturing Screenshot to c:\Users\bruno\OneDrive\햞ea de Trabalho\Robot\image_files\RSB-ROBO-ORDER-EG6GY6BZ.png
Printing RSB-ROBO-ORDER-EG6GY6BZ
Printing Embedding image c:\Users\bruno\OneDrive\햞ea de Trabalho\Robot\image_files\RSB-ROBO-ORDER-EG6GY6BZ.png in pdf file c:\Users\bruno\OneDrive\햞ea de Trabalho\Robot\pdf_files\RSB-ROBO-ORDER-EG6GY6BZ.pdf
Capturing Screenshot to c:\Users\bruno\OneDrive\햞ea de Trabalho\Robot\image_files\RSB-ROBO-ORDER-ZJAGQTDVXX.png
Printing RSB-ROBO-ORDER-ZJAGQTDVXX
Printing Embedding image c:\Users\bruno\OneDrive\햞ea de Trabalho\Robot\image_files\RSB-ROBO-ORDER-ZJAGQTDVXX.png in pdf file c:\Users\bruno\OneDrive\햞ea de Trabalho\Robot\pdf_files\RSB-ROBO-ORDER-ZJAGQTDVXX.pdf
Capturing Screenshot to c:\Users\bruno\OneDrive\햞ea de Trabalho\Robot\image_files\RSB-ROBO-ORDER-PANQ3VR4U.png
Printing RSB-ROBO-ORDER-PANQ3VR4U
Printing Embedding image c:\Users\bruno\OneDrive\햞ea de Trabalho\Robot\image_files\RSB-ROBO-ORDER-PANQ3VR4U.png in pdf file c:\Users\bruno\OneDrive\햞ea de Trabalho\Robot\pdf_files\RSB-ROBO-ORDER-PANQ3VR4U.pdf
Capturing Screenshot to c:\Users\bruno\OneDrive\햞ea de Trabalho\Robot\image_files\RSB-ROBO-ORDER-W8DTKMOAV.png
Printing RSB-ROBO-ORDER-W8DTKMOAV
Printing Embedding image c:\Users\bruno\OneDrive\햞ea de Trabalho\Robot\image_files\RSB-ROBO-ORDER-W8DTKMOAV.png in pdf file c:\Users\bruno\OneDrive\햞ea de Trabalho\Robot\pdf_files\RSB-ROBO-ORDER-W8DTKMOAV.pdf
Capturing Screenshot to c:\Users\bruno\OneDrive\햞ea de Trabalho\Robot\image_files\RSB-ROBO-ORDER-ZIMNETDUM1.png
Printing RSB-ROBO-ORDER-ZIMNETDUM1
Printing Embedding image c:\Users\bruno\OneDrive\햞ea de Trabalho\Robot\image_files\RSB-ROBO-ORDER-ZIMNETDUM1.png in pdf file c:\Users\bruno\OneDrive\햞ea de Trabalho\Robot\pdf_files\RSB-ROBO-ORDER-ZIMNETDUM1.pdf
Capturing Screenshot to c:\Users\bruno\OneDrive\햞ea de Trabalho\Robot\image_files\RSB-ROBO-ORDER-LHHKJMFCZJ.png
Printing RSB-ROBO-ORDER-LHHKJMFCZJ
Printing Embedding image c:\Users\bruno\OneDrive\햞ea de Trabalho\Robot\image_files\RSB-ROBO-ORDER-LHHKJMFCZJ.png in pdf file c:\Users\bruno\OneDrive\햞ea de Trabalho\Robot\pdf_files\RSB-ROBO-ORDER-LHHKJMFCZJ.pdf
Capturing Screenshot to c:\Users\bruno\OneDrive\햞ea de Trabalho\Robot\image_files\RSB-ROBO-ORDER-XJ6ZZ8VXFC.png
Printing RSB-ROBO-ORDER-XJ6ZZ8VXFC
Printing Embedding image c:\Users\bruno\OneDrive\햞ea de Trabalho\Robot\image_files\RSB-ROBO-ORDER-XJ6ZZ8VXFC.png in pdf file c:\Users\bruno\OneDrive\햞ea de Trabalho\Robot\pdf_files\RSB-ROBO-ORDER-XJ6ZZ8VXFC.pdf
Capturing Screenshot to c:\Users\bruno\OneDrive\햞ea de Trabalho\Robot\image_files\RSB-ROBO-ORDER-ZY9XX04NFS.png
Printing RSB-ROBO-ORDER-ZY9XX04NFS
Printing Embedding image c:\Users\bruno\OneDrive\햞ea de Trabalho\Robot\image_files\RSB-ROBO-ORDER-ZY9XX04NFS.png in pdf file c:\Users\bruno\OneDrive\햞ea de Trabalho\Robot\pdf_files\RSB-ROBO-ORDER-ZY9XX04NFS.pdf
Capturing Screenshot to c:\Users\bruno\OneDrive\햞ea de Trabalho\Robot\image_files\RSB-ROBO-ORDER-WHENCQGDQ.png
Printing RSB-ROBO-ORDER-WHENCQGDQ
Printing Embedding image c:\Users\bruno\OneDrive\햞ea de Trabalho\Robot\image_files\RSB-ROBO-ORDER-WHENCQGDQ.png in pdf file c:\Users\bruno\OneDrive\햞ea de Trabalho\Robot\pdf_files\RSB-ROBO-ORDER-WHENCQGDQ.pdf
Capturing Screenshot to c:\Users\bruno\OneDrive\햞ea de Trabalho\Robot\image_files\RSB-ROBO-ORDER-4D6XE2LV87.png
Printing RSB-ROBO-ORDER-4D6XE2LV87
Printing Embedding image c:\Users\bruno\OneDrive\햞ea de Trabalho\Robot\image_files\RSB-ROBO-ORDER-4D6XE2LV87.png in pdf file c:\Users\bruno\OneDrive\햞ea de Trabalho\Robot\pdf_files\RSB-ROBO-ORDER-4D6XE2LV87.pdf
Capturing Screenshot to c:\Users\bruno\OneDrive\햞ea de Trabalho\Robot\image_files\RSB-ROBO-ORDER-CH4FTRPSCD.png
Printing RSB-ROBO-ORDER-CH4FTRPSCD
Printing Embedding image c:\Users\bruno\OneDrive\햞ea de Trabalho\Robot\image_files\RSB-ROBO-ORDER-CH4FTRPSCD.png in pdf file c:\Users\bruno\OneDrive\햞ea de Trabalho\Robot\pdf_files\RSB-ROBO-ORDER-CH4FTRPSCD.pdf
Capturing Screenshot to c:\Users\bruno\OneDrive\햞ea de Trabalho\Robot\image_files\RSB-ROBO-ORDER-0WQOEZPYA.png
Printing RSB-ROBO-ORDER-0WQOEZPYA
Printing Embedding image c:\Users\bruno\OneDrive\햞ea de Trabalho\Robot\image_files\RSB-ROBO-ORDER-0WQOEZPYA.png in pdf file c:\Users\bruno\OneDrive\햞ea de Trabalho\Robot\pdf_files\RSB-ROBO-ORDER-0WQOEZPYA.pdf
Capturing Screenshot to c:\Users\bruno\OneDrive\햞ea de Trabalho\Robot\image_files\RSB-ROBO-ORDER-0W5Q5Z7MF.png
Printing RSB-ROBO-ORDER-0W5Q5Z7MF
Printing Embedding image c:\Users\bruno\OneDrive\햞ea de Trabalho\Robot\image_files\RSB-ROBO-ORDER-0W5Q5Z7MF.png in pdf file c:\Users\bruno\OneDrive\햞ea de Trabalho\Robot\pdf_files\RSB-ROBO-ORDER-0W5Q5Z7MF.pdf
Capturing Screenshot to c:\Users\bruno\OneDrive\햞ea de Trabalho\Robot\image_files\RSB-ROBO-ORDER-GVCS48LR5S.png
Printing RSB-ROBO-ORDER-GVCS48LR5S
Printing Embedding image c:\Users\bruno\OneDrive\햞ea de Trabalho\Robot\image_files\RSB-ROBO-ORDER-GVCS48LR5S.png in pdf file c:\Users\bruno\OneDrive\햞ea de Trabalho\Robot\pdf_files\RSB-ROBO-ORDER-GVCS48LR5S.pdf
Capturing Screenshot to c:\Users\bruno\OneDrive\햞ea de Trabalho\Robot\image_files\RSB-ROBO-ORDER-AQOXYJRB4.png
Printing RSB-ROBO-ORDER-AQOXYJRB4
Printing Embedding image c:\Users\bruno\OneDrive\햞ea de Trabalho\Robot\image_files\RSB-ROBO-ORDER-AQOXYJRB4.png in pdf file c:\Users\bruno\OneDrive\햞ea de Trabalho\Robot\pdf_files\RSB-ROBO-ORDER-AQOXYJRB4.pdf
Capturing Screenshot to c:\Users\bruno\OneDrive\햞ea de Trabalho\Robot\image_files\RSB-ROBO-ORDER-IKPS2GRTOI.png
Printing RSB-ROBO-ORDER-IKPS2GRTOI
Printing Embedding image c:\Users\bruno\OneDrive\햞ea de Trabalho\Robot\image_files\RSB-ROBO-ORDER-IKPS2GRTOI.png in pdf file c:\Users\bruno\OneDrive\햞ea de Trabalho\Robot\pdf_files\RSB-ROBO-ORDER-IKPS2GRTOI.pdf
Capturing Screenshot to c:\Users\bruno\OneDrive\햞ea de Trabalho\Robot\image_files\RSB-ROBO-ORDER-W8L5G40TTD.png
Printing RSB-ROBO-ORDER-W8L5G40TTD
Printing Embedding image c:\Users\bruno\OneDrive\햞ea de Trabalho\Robot\image_files\RSB-ROBO-ORDER-W8L5G40TTD.png in pdf file c:\Users\bruno\OneDrive\햞ea de Trabalho\Robot\pdf_files\RSB-ROBO-ORDER-W8L5G40TTD.pdf
| PASS |
------------------------------------------------------------------------------
Tasks :: Orders robots from RobotSpareBin Industries Inc.             | PASS |
1 task, 1 passed, 0 failed
==============================================================================
Output:  c:\Users\bruno\OneDrive\햞ea de Trabalho\Robot\output\output.xml
Log:     c:\Users\bruno\OneDrive\햞ea de Trabalho\Robot\output\log.html
